{"J:\\JavaScript\\Advance_JavaScript\\jest-intro\\palindrome.js": {"path":"J:\\JavaScript\\Advance_JavaScript\\jest-intro\\palindrome.js","statementMap":{"0":{"start":{"line":1,"column":22},"end":{"line":1,"column":48}},"1":{"start":{"line":4,"column":2},"end":{"line":4,"column":18}},"2":{"start":{"line":8,"column":2},"end":{"line":8,"column":66}},"3":{"start":{"line":11,"column":0},"end":{"line":11,"column":29}}},"fnMap":{"0":{"name":"hello","decl":{"start":{"line":3,"column":9},"end":{"line":3,"column":14}},"loc":{"start":{"line":3,"column":17},"end":{"line":5,"column":1}},"line":3},"1":{"name":"isPalindrome","decl":{"start":{"line":7,"column":9},"end":{"line":7,"column":21}},"loc":{"start":{"line":7,"column":27},"end":{"line":9,"column":1}},"line":7}},"branchMap":{},"s":{"0":1,"1":0,"2":2,"3":1},"f":{"0":0,"1":2},"b":{},"_coverageSchema":"1a1c01bbd47fc00a2c39e90264f33305004495a9","hash":"da7a4b1d9735417d9388f8d8679ae19f700d1abf"}
,"J:\\JavaScript\\Advance_JavaScript\\jest-intro\\reverseString.js": {"path":"J:\\JavaScript\\Advance_JavaScript\\jest-intro\\reverseString.js","statementMap":{"0":{"start":{"line":2,"column":2},"end":{"line":2,"column":62}},"1":{"start":{"line":5,"column":0},"end":{"line":5,"column":30}}},"fnMap":{"0":{"name":"reverseString","decl":{"start":{"line":1,"column":9},"end":{"line":1,"column":22}},"loc":{"start":{"line":1,"column":29},"end":{"line":3,"column":1}},"line":1}},"branchMap":{},"s":{"0":3,"1":2},"f":{"0":3},"b":{},"_coverageSchema":"1a1c01bbd47fc00a2c39e90264f33305004495a9","hash":"24a5aba6c872eb07762ba743571246b4719b6615"}
,"J:\\JavaScript\\Advance_JavaScript\\jest-intro\\shallowObjClone.js": {"path":"J:\\JavaScript\\Advance_JavaScript\\jest-intro\\shallowObjClone.js","statementMap":{"0":{"start":{"line":2,"column":2},"end":{"line":2,"column":20}},"1":{"start":{"line":5,"column":0},"end":{"line":5,"column":33}}},"fnMap":{"0":{"name":"shallowObjClone","decl":{"start":{"line":1,"column":9},"end":{"line":1,"column":24}},"loc":{"start":{"line":1,"column":29},"end":{"line":3,"column":1}},"line":1}},"branchMap":{},"s":{"0":1,"1":1},"f":{"0":1},"b":{},"_coverageSchema":"1a1c01bbd47fc00a2c39e90264f33305004495a9","hash":"87c5b7f41e587cc82a168dccb9754375c162d3ab"}
,"J:\\JavaScript\\Advance_JavaScript\\jest-intro\\sum.js": {"path":"J:\\JavaScript\\Advance_JavaScript\\jest-intro\\sum.js","statementMap":{"0":{"start":{"line":2,"column":2},"end":{"line":2,"column":15}},"1":{"start":{"line":5,"column":0},"end":{"line":5,"column":20}}},"fnMap":{"0":{"name":"sum","decl":{"start":{"line":1,"column":9},"end":{"line":1,"column":12}},"loc":{"start":{"line":1,"column":18},"end":{"line":3,"column":1}},"line":1}},"branchMap":{},"s":{"0":1,"1":1},"f":{"0":1},"b":{},"_coverageSchema":"1a1c01bbd47fc00a2c39e90264f33305004495a9","hash":"5969f580bf518610b3a8a0a5563d5dcbdec718bc"}
}
